<?xml version="1.0" encoding="UTF-8"?>
<testng-results ignored="0" total="1" passed="1" failed="0" skipped="0">
  <reporter-output>
  </reporter-output>
  <suite started-at="2021-12-22T12:43:32 IST" name="Suite" finished-at="2021-12-22T12:44:05 IST" duration-ms="32463">
    <groups>
    </groups>
    <test started-at="2021-12-22T12:43:32 IST" name="Test" finished-at="2021-12-22T12:44:05 IST" duration-ms="32463">
      <class name="com.inetBanking.testCases.TC_LoginTest_001">
        <test-method is-config="true" signature="setup(java.lang.String)[pri:0, instance:com.inetBanking.testCases.TC_LoginTest_001@419c5f1a]" started-at="2021-12-22T12:43:33 IST" name="setup" finished-at="2021-12-22T12:43:57 IST" duration-ms="24855" status="PASS">
          <params>
            <param index="0">
              <value>
                <![CDATA[chrome]]>
              </value>
            </param>
          </params>
          <reporter-output>
          </reporter-output>
        </test-method> <!-- setup -->
        <test-method signature="loginTest()[pri:0, instance:com.inetBanking.testCases.TC_LoginTest_001@419c5f1a]" started-at="2021-12-22T12:43:57 IST" name="loginTest" finished-at="2021-12-22T12:44:03 IST" duration-ms="5366" status="PASS">
          <reporter-output>
          </reporter-output>
        </test-method> <!-- loginTest -->
        <test-method is-config="true" signature="tearDown()[pri:0, instance:com.inetBanking.testCases.TC_LoginTest_001@419c5f1a]" started-at="2021-12-22T12:44:03 IST" name="tearDown" finished-at="2021-12-22T12:44:05 IST" duration-ms="2121" status="PASS">
          <reporter-output>
          </reporter-output>
        </test-method> <!-- tearDown -->
      </class> <!-- com.inetBanking.testCases.TC_LoginTest_001 -->
    </test> <!-- Test -->
  </suite> <!-- Suite -->
</testng-results>
